<?xml version="1.0" encoding="UTF-8"?>
<testsuite xmlns:xsi="http://www.w3.org/2001/XMLSchema-instance" xsi:noNamespaceSchemaLocation="https://maven.apache.org/surefire/maven-surefire-plugin/xsd/surefire-test-report.xsd" name="asia.corelogic.dppr.annotation.validations.PageableValidatorTest" time="0.044" tests="2" errors="0" skipped="0" failures="0">
  <properties>
    <property name="gopherProxySet" value="false"/>
    <property name="awt.toolkit" value="sun.lwawt.macosx.LWCToolkit"/>
    <property name="java.specification.version" value="11"/>
    <property name="sun.cpu.isalist" value=""/>
    <property name="sun.jnu.encoding" value="UTF-8"/>
    <property name="java.class.path" value="/Users/jowelcastaneda/Projects/DPPR/dppr-api/dppr-api/target/test-classes:/Users/jowelcastaneda/Projects/DPPR/dppr-api/dppr-api/target/classes:/Users/jowelcastaneda/.m2/repository/org/springframework/boot/spring-boot-configuration-processor/2.3.4.RELEASE/spring-boot-configuration-processor-2.3.4.RELEASE.jar:/Users/jowelcastaneda/.m2/repository/org/springframework/boot/spring-boot-starter-web/2.3.4.RELEASE/spring-boot-starter-web-2.3.4.RELEASE.jar:/Users/jowelcastaneda/.m2/repository/org/springframework/boot/spring-boot-starter/2.3.4.RELEASE/spring-boot-starter-2.3.4.RELEASE.jar:/Users/jowelcastaneda/.m2/repository/org/springframework/boot/spring-boot/2.3.4.RELEASE/spring-boot-2.3.4.RELEASE.jar:/Users/jowelcastaneda/.m2/repository/org/springframework/boot/spring-boot-autoconfigure/2.3.4.RELEASE/spring-boot-autoconfigure-2.3.4.RELEASE.jar:/Users/jowelcastaneda/.m2/repository/org/springframework/boot/spring-boot-starter-logging/2.3.4.RELEASE/spring-boot-starter-logging-2.3.4.RELEASE.jar:/Users/jowelcastaneda/.m2/repository/org/apache/logging/log4j/log4j-to-slf4j/2.13.3/log4j-to-slf4j-2.13.3.jar:/Users/jowelcastaneda/.m2/repository/org/apache/logging/log4j/log4j-api/2.13.3/log4j-api-2.13.3.jar:/Users/jowelcastaneda/.m2/repository/org/slf4j/jul-to-slf4j/1.7.30/jul-to-slf4j-1.7.30.jar:/Users/jowelcastaneda/.m2/repository/org/yaml/snakeyaml/1.26/snakeyaml-1.26.jar:/Users/jowelcastaneda/.m2/repository/org/springframework/boot/spring-boot-starter-json/2.3.4.RELEASE/spring-boot-starter-json-2.3.4.RELEASE.jar:/Users/jowelcastaneda/.m2/repository/com/fasterxml/jackson/datatype/jackson-datatype-jdk8/2.11.2/jackson-datatype-jdk8-2.11.2.jar:/Users/jowelcastaneda/.m2/repository/com/fasterxml/jackson/datatype/jackson-datatype-jsr310/2.11.2/jackson-datatype-jsr310-2.11.2.jar:/Users/jowelcastaneda/.m2/repository/com/fasterxml/jackson/module/jackson-module-parameter-names/2.11.2/jackson-module-parameter-names-2.11.2.jar:/Users/jowelcastaneda/.m2/repository/org/springframework/spring-web/5.2.9.RELEASE/spring-web-5.2.9.RELEASE.jar:/Users/jowelcastaneda/.m2/repository/org/springframework/spring-webmvc/5.2.9.RELEASE/spring-webmvc-5.2.9.RELEASE.jar:/Users/jowelcastaneda/.m2/repository/org/springframework/spring-aop/5.2.9.RELEASE/spring-aop-5.2.9.RELEASE.jar:/Users/jowelcastaneda/.m2/repository/org/springframework/spring-expression/5.2.9.RELEASE/spring-expression-5.2.9.RELEASE.jar:/Users/jowelcastaneda/.m2/repository/org/springframework/boot/spring-boot-starter-tomcat/2.3.4.RELEASE/spring-boot-starter-tomcat-2.3.4.RELEASE.jar:/Users/jowelcastaneda/.m2/repository/jakarta/annotation/jakarta.annotation-api/1.3.5/jakarta.annotation-api-1.3.5.jar:/Users/jowelcastaneda/.m2/repository/org/apache/tomcat/embed/tomcat-embed-core/9.0.38/tomcat-embed-core-9.0.38.jar:/Users/jowelcastaneda/.m2/repository/org/glassfish/jakarta.el/3.0.3/jakarta.el-3.0.3.jar:/Users/jowelcastaneda/.m2/repository/org/apache/tomcat/embed/tomcat-embed-websocket/9.0.38/tomcat-embed-websocket-9.0.38.jar:/Users/jowelcastaneda/.m2/repository/org/springframework/boot/spring-boot-starter-data-jpa/2.3.4.RELEASE/spring-boot-starter-data-jpa-2.3.4.RELEASE.jar:/Users/jowelcastaneda/.m2/repository/org/springframework/boot/spring-boot-starter-aop/2.3.4.RELEASE/spring-boot-starter-aop-2.3.4.RELEASE.jar:/Users/jowelcastaneda/.m2/repository/org/aspectj/aspectjweaver/1.9.6/aspectjweaver-1.9.6.jar:/Users/jowelcastaneda/.m2/repository/org/springframework/boot/spring-boot-starter-jdbc/2.3.4.RELEASE/spring-boot-starter-jdbc-2.3.4.RELEASE.jar:/Users/jowelcastaneda/.m2/repository/com/zaxxer/HikariCP/3.4.5/HikariCP-3.4.5.jar:/Users/jowelcastaneda/.m2/repository/org/springframework/spring-jdbc/5.2.9.RELEASE/spring-jdbc-5.2.9.RELEASE.jar:/Users/jowelcastaneda/.m2/repository/jakarta/transaction/jakarta.transaction-api/1.3.3/jakarta.transaction-api-1.3.3.jar:/Users/jowelcastaneda/.m2/repository/jakarta/persistence/jakarta.persistence-api/2.2.3/jakarta.persistence-api-2.2.3.jar:/Users/jowelcastaneda/.m2/repository/org/hibernate/hibernate-core/5.4.21.Final/hibernate-core-5.4.21.Final.jar:/Users/jowelcastaneda/.m2/repository/org/jboss/logging/jboss-logging/3.4.1.Final/jboss-logging-3.4.1.Final.jar:/Users/jowelcastaneda/.m2/repository/org/javassist/javassist/3.24.0-GA/javassist-3.24.0-GA.jar:/Users/jowelcastaneda/.m2/repository/net/bytebuddy/byte-buddy/1.10.14/byte-buddy-1.10.14.jar:/Users/jowelcastaneda/.m2/repository/antlr/antlr/2.7.7/antlr-2.7.7.jar:/Users/jowelcastaneda/.m2/repository/org/jboss/jandex/2.1.3.Final/jandex-2.1.3.Final.jar:/Users/jowelcastaneda/.m2/repository/org/dom4j/dom4j/2.1.3/dom4j-2.1.3.jar:/Users/jowelcastaneda/.m2/repository/org/hibernate/common/hibernate-commons-annotations/5.1.0.Final/hibernate-commons-annotations-5.1.0.Final.jar:/Users/jowelcastaneda/.m2/repository/org/glassfish/jaxb/jaxb-runtime/2.3.3/jaxb-runtime-2.3.3.jar:/Users/jowelcastaneda/.m2/repository/org/glassfish/jaxb/txw2/2.3.3/txw2-2.3.3.jar:/Users/jowelcastaneda/.m2/repository/com/sun/istack/istack-commons-runtime/3.0.11/istack-commons-runtime-3.0.11.jar:/Users/jowelcastaneda/.m2/repository/com/sun/activation/jakarta.activation/1.2.2/jakarta.activation-1.2.2.jar:/Users/jowelcastaneda/.m2/repository/org/springframework/data/spring-data-jpa/2.3.4.RELEASE/spring-data-jpa-2.3.4.RELEASE.jar:/Users/jowelcastaneda/.m2/repository/org/springframework/data/spring-data-commons/2.3.4.RELEASE/spring-data-commons-2.3.4.RELEASE.jar:/Users/jowelcastaneda/.m2/repository/org/springframework/spring-orm/5.2.9.RELEASE/spring-orm-5.2.9.RELEASE.jar:/Users/jowelcastaneda/.m2/repository/org/springframework/spring-tx/5.2.9.RELEASE/spring-tx-5.2.9.RELEASE.jar:/Users/jowelcastaneda/.m2/repository/org/springframework/spring-aspects/5.2.9.RELEASE/spring-aspects-5.2.9.RELEASE.jar:/Users/jowelcastaneda/.m2/repository/org/springframework/cloud/spring-cloud-starter-config/2.2.4.RELEASE/spring-cloud-starter-config-2.2.4.RELEASE.jar:/Users/jowelcastaneda/.m2/repository/org/springframework/cloud/spring-cloud-starter/2.2.4.RELEASE/spring-cloud-starter-2.2.4.RELEASE.jar:/Users/jowelcastaneda/.m2/repository/org/springframework/cloud/spring-cloud-context/2.2.4.RELEASE/spring-cloud-context-2.2.4.RELEASE.jar:/Users/jowelcastaneda/.m2/repository/org/springframework/security/spring-security-crypto/5.3.4.RELEASE/spring-security-crypto-5.3.4.RELEASE.jar:/Users/jowelcastaneda/.m2/repository/org/springframework/cloud/spring-cloud-commons/2.2.4.RELEASE/spring-cloud-commons-2.2.4.RELEASE.jar:/Users/jowelcastaneda/.m2/repository/org/springframework/security/spring-security-rsa/1.0.9.RELEASE/spring-security-rsa-1.0.9.RELEASE.jar:/Users/jowelcastaneda/.m2/repository/org/springframework/cloud/spring-cloud-config-client/2.2.4.RELEASE/spring-cloud-config-client-2.2.4.RELEASE.jar:/Users/jowelcastaneda/.m2/repository/com/fasterxml/jackson/core/jackson-annotations/2.11.2/jackson-annotations-2.11.2.jar:/Users/jowelcastaneda/.m2/repository/com/fasterxml/jackson/core/jackson-databind/2.11.2/jackson-databind-2.11.2.jar:/Users/jowelcastaneda/.m2/repository/com/fasterxml/jackson/core/jackson-core/2.11.2/jackson-core-2.11.2.jar:/Users/jowelcastaneda/.m2/repository/org/springframework/boot/spring-boot-starter-actuator/2.3.4.RELEASE/spring-boot-starter-actuator-2.3.4.RELEASE.jar:/Users/jowelcastaneda/.m2/repository/org/springframework/boot/spring-boot-actuator-autoconfigure/2.3.4.RELEASE/spring-boot-actuator-autoconfigure-2.3.4.RELEASE.jar:/Users/jowelcastaneda/.m2/repository/org/springframework/boot/spring-boot-actuator/2.3.4.RELEASE/spring-boot-actuator-2.3.4.RELEASE.jar:/Users/jowelcastaneda/.m2/repository/io/micrometer/micrometer-core/1.5.5/micrometer-core-1.5.5.jar:/Users/jowelcastaneda/.m2/repository/org/hdrhistogram/HdrHistogram/2.1.12/HdrHistogram-2.1.12.jar:/Users/jowelcastaneda/.m2/repository/org/latencyutils/LatencyUtils/2.0.3/LatencyUtils-2.0.3.jar:/Users/jowelcastaneda/.m2/repository/org/springframework/spring-context-support/5.2.9.RELEASE/spring-context-support-5.2.9.RELEASE.jar:/Users/jowelcastaneda/.m2/repository/org/springframework/spring-beans/5.2.9.RELEASE/spring-beans-5.2.9.RELEASE.jar:/Users/jowelcastaneda/.m2/repository/org/springframework/spring-context/5.2.9.RELEASE/spring-context-5.2.9.RELEASE.jar:/Users/jowelcastaneda/.m2/repository/org/springframework/spring-core/5.2.9.RELEASE/spring-core-5.2.9.RELEASE.jar:/Users/jowelcastaneda/.m2/repository/org/springframework/spring-jcl/5.2.9.RELEASE/spring-jcl-5.2.9.RELEASE.jar:/Users/jowelcastaneda/.m2/repository/com/google/guava/guava/29.0-jre/guava-29.0-jre.jar:/Users/jowelcastaneda/.m2/repository/com/google/guava/failureaccess/1.0.1/failureaccess-1.0.1.jar:/Users/jowelcastaneda/.m2/repository/com/google/guava/listenablefuture/9999.0-empty-to-avoid-conflict-with-guava/listenablefuture-9999.0-empty-to-avoid-conflict-with-guava.jar:/Users/jowelcastaneda/.m2/repository/com/google/code/findbugs/jsr305/3.0.2/jsr305-3.0.2.jar:/Users/jowelcastaneda/.m2/repository/org/checkerframework/checker-qual/2.11.1/checker-qual-2.11.1.jar:/Users/jowelcastaneda/.m2/repository/com/google/errorprone/error_prone_annotations/2.3.4/error_prone_annotations-2.3.4.jar:/Users/jowelcastaneda/.m2/repository/com/google/j2objc/j2objc-annotations/1.3/j2objc-annotations-1.3.jar:/Users/jowelcastaneda/.m2/repository/org/assertj/assertj-core/3.16.1/assertj-core-3.16.1.jar:/Users/jowelcastaneda/.m2/repository/org/projectlombok/lombok/1.18.12/lombok-1.18.12.jar:/Users/jowelcastaneda/.m2/repository/org/springframework/boot/spring-boot-starter-reactor-netty/2.3.4.RELEASE/spring-boot-starter-reactor-netty-2.3.4.RELEASE.jar:/Users/jowelcastaneda/.m2/repository/io/projectreactor/netty/reactor-netty/0.9.12.RELEASE/reactor-netty-0.9.12.RELEASE.jar:/Users/jowelcastaneda/.m2/repository/io/netty/netty-codec-http/4.1.52.Final/netty-codec-http-4.1.52.Final.jar:/Users/jowelcastaneda/.m2/repository/io/netty/netty-common/4.1.52.Final/netty-common-4.1.52.Final.jar:/Users/jowelcastaneda/.m2/repository/io/netty/netty-buffer/4.1.52.Final/netty-buffer-4.1.52.Final.jar:/Users/jowelcastaneda/.m2/repository/io/netty/netty-transport/4.1.52.Final/netty-transport-4.1.52.Final.jar:/Users/jowelcastaneda/.m2/repository/io/netty/netty-codec/4.1.52.Final/netty-codec-4.1.52.Final.jar:/Users/jowelcastaneda/.m2/repository/io/netty/netty-codec-http2/4.1.52.Final/netty-codec-http2-4.1.52.Final.jar:/Users/jowelcastaneda/.m2/repository/io/netty/netty-handler/4.1.52.Final/netty-handler-4.1.52.Final.jar:/Users/jowelcastaneda/.m2/repository/io/netty/netty-resolver/4.1.52.Final/netty-resolver-4.1.52.Final.jar:/Users/jowelcastaneda/.m2/repository/io/netty/netty-handler-proxy/4.1.52.Final/netty-handler-proxy-4.1.52.Final.jar:/Users/jowelcastaneda/.m2/repository/io/netty/netty-codec-socks/4.1.52.Final/netty-codec-socks-4.1.52.Final.jar:/Users/jowelcastaneda/.m2/repository/io/netty/netty-transport-native-epoll/4.1.52.Final/netty-transport-native-epoll-4.1.52.Final-linux-x86_64.jar:/Users/jowelcastaneda/.m2/repository/io/netty/netty-transport-native-unix-common/4.1.52.Final/netty-transport-native-unix-common-4.1.52.Final.jar:/Users/jowelcastaneda/.m2/repository/org/springframework/spring-webflux/5.2.9.RELEASE/spring-webflux-5.2.9.RELEASE.jar:/Users/jowelcastaneda/.m2/repository/io/projectreactor/reactor-core/3.3.10.RELEASE/reactor-core-3.3.10.RELEASE.jar:/Users/jowelcastaneda/.m2/repository/org/reactivestreams/reactive-streams/1.0.3/reactive-streams-1.0.3.jar:/Users/jowelcastaneda/.m2/repository/net/logstash/logback/logstash-logback-encoder/6.3/logstash-logback-encoder-6.3.jar:/Users/jowelcastaneda/.m2/repository/io/springfox/springfox-swagger2/2.9.2/springfox-swagger2-2.9.2.jar:/Users/jowelcastaneda/.m2/repository/io/swagger/swagger-annotations/1.5.20/swagger-annotations-1.5.20.jar:/Users/jowelcastaneda/.m2/repository/io/swagger/swagger-models/1.5.20/swagger-models-1.5.20.jar:/Users/jowelcastaneda/.m2/repository/io/springfox/springfox-spi/2.9.2/springfox-spi-2.9.2.jar:/Users/jowelcastaneda/.m2/repository/io/springfox/springfox-core/2.9.2/springfox-core-2.9.2.jar:/Users/jowelcastaneda/.m2/repository/io/springfox/springfox-schema/2.9.2/springfox-schema-2.9.2.jar:/Users/jowelcastaneda/.m2/repository/io/springfox/springfox-swagger-common/2.9.2/springfox-swagger-common-2.9.2.jar:/Users/jowelcastaneda/.m2/repository/io/springfox/springfox-spring-web/2.9.2/springfox-spring-web-2.9.2.jar:/Users/jowelcastaneda/.m2/repository/com/fasterxml/classmate/1.5.1/classmate-1.5.1.jar:/Users/jowelcastaneda/.m2/repository/org/slf4j/slf4j-api/1.7.30/slf4j-api-1.7.30.jar:/Users/jowelcastaneda/.m2/repository/org/springframework/plugin/spring-plugin-core/1.2.0.RELEASE/spring-plugin-core-1.2.0.RELEASE.jar:/Users/jowelcastaneda/.m2/repository/org/springframework/plugin/spring-plugin-metadata/1.2.0.RELEASE/spring-plugin-metadata-1.2.0.RELEASE.jar:/Users/jowelcastaneda/.m2/repository/org/mapstruct/mapstruct/1.2.0.Final/mapstruct-1.2.0.Final.jar:/Users/jowelcastaneda/.m2/repository/io/springfox/springfox-swagger-ui/2.9.2/springfox-swagger-ui-2.9.2.jar:/Users/jowelcastaneda/.m2/repository/org/postgresql/postgresql/42.2.16/postgresql-42.2.16.jar:/Users/jowelcastaneda/.m2/repository/org/flywaydb/flyway-core/6.4.4/flyway-core-6.4.4.jar:/Users/jowelcastaneda/.m2/repository/jakarta/validation/jakarta.validation-api/2.0.2/jakarta.validation-api-2.0.2.jar:/Users/jowelcastaneda/.m2/repository/org/springframework/boot/spring-boot-starter-validation/2.3.4.RELEASE/spring-boot-starter-validation-2.3.4.RELEASE.jar:/Users/jowelcastaneda/.m2/repository/org/hibernate/validator/hibernate-validator/6.1.5.Final/hibernate-validator-6.1.5.Final.jar:/Users/jowelcastaneda/.m2/repository/org/apache/commons/commons-csv/1.7/commons-csv-1.7.jar:/Users/jowelcastaneda/.m2/repository/com/rpdata/access/client/acm-spring-boot-starter/5.0.3/acm-spring-boot-starter-5.0.3.jar:/Users/jowelcastaneda/.m2/repository/com/rpdata/access/client/access-client-configuration/5.0.3/access-client-configuration-5.0.3.jar:/Users/jowelcastaneda/.m2/repository/com/rpdata/access/client/access-client-api/5.0.3/access-client-api-5.0.3.jar:/Users/jowelcastaneda/.m2/repository/com/rpdata/access/client/access-client-impl/5.0.3/access-client-impl-5.0.3.jar:/Users/jowelcastaneda/.m2/repository/org/apache/httpcomponents/httpasyncclient/4.1.4/httpasyncclient-4.1.4.jar:/Users/jowelcastaneda/.m2/repository/org/apache/httpcomponents/httpcore/4.4.13/httpcore-4.4.13.jar:/Users/jowelcastaneda/.m2/repository/org/apache/httpcomponents/httpcore-nio/4.4.13/httpcore-nio-4.4.13.jar:/Users/jowelcastaneda/.m2/repository/org/apache/httpcomponents/httpclient/4.5.12/httpclient-4.5.12.jar:/Users/jowelcastaneda/.m2/repository/org/springframework/security/spring-security-core/5.3.4.RELEASE/spring-security-core-5.3.4.RELEASE.jar:/Users/jowelcastaneda/.m2/repository/org/springframework/security/spring-security-config/5.3.4.RELEASE/spring-security-config-5.3.4.RELEASE.jar:/Users/jowelcastaneda/.m2/repository/org/springframework/security/spring-security-web/5.3.4.RELEASE/spring-security-web-5.3.4.RELEASE.jar:/Users/jowelcastaneda/.m2/repository/org/springframework/security/oauth/spring-security-oauth2/2.1.1.RELEASE/spring-security-oauth2-2.1.1.RELEASE.jar:/Users/jowelcastaneda/.m2/repository/commons-codec/commons-codec/1.14/commons-codec-1.14.jar:/Users/jowelcastaneda/.m2/repository/org/codehaus/jackson/jackson-mapper-asl/1.9.13/jackson-mapper-asl-1.9.13.jar:/Users/jowelcastaneda/.m2/repository/org/codehaus/jackson/jackson-core-asl/1.9.13/jackson-core-asl-1.9.13.jar:/Users/jowelcastaneda/.m2/repository/org/springframework/security/spring-security-jwt/1.0.8.RELEASE/spring-security-jwt-1.0.8.RELEASE.jar:/Users/jowelcastaneda/.m2/repository/org/bouncycastle/bcpkix-jdk15on/1.56/bcpkix-jdk15on-1.56.jar:/Users/jowelcastaneda/.m2/repository/org/bouncycastle/bcprov-jdk15on/1.56/bcprov-jdk15on-1.56.jar:/Users/jowelcastaneda/.m2/repository/joda-time/joda-time/2.9.9/joda-time-2.9.9.jar:/Users/jowelcastaneda/.m2/repository/org/slf4j/jcl-over-slf4j/1.7.30/jcl-over-slf4j-1.7.30.jar:/Users/jowelcastaneda/.m2/repository/org/apache/commons/commons-lang3/3.9/commons-lang3-3.9.jar:/Users/jowelcastaneda/.m2/repository/asia/corelogic/api/oauth/clapi-oauth-boot-starter/1.1.1/clapi-oauth-boot-starter-1.1.1.jar:/Users/jowelcastaneda/.m2/repository/io/specto/hoverfly-java-junit5/0.11.0/hoverfly-java-junit5-0.11.0.jar:/Users/jowelcastaneda/.m2/repository/org/junit/jupiter/junit-jupiter-api/5.6.2/junit-jupiter-api-5.6.2.jar:/Users/jowelcastaneda/.m2/repository/org/opentest4j/opentest4j/1.2.0/opentest4j-1.2.0.jar:/Users/jowelcastaneda/.m2/repository/org/junit/platform/junit-platform-commons/1.6.2/junit-platform-commons-1.6.2.jar:/Users/jowelcastaneda/.m2/repository/io/specto/hoverfly-java/0.11.0/hoverfly-java-0.11.0.jar:/Users/jowelcastaneda/.m2/repository/com/squareup/okhttp3/okhttp/3.14.9/okhttp-3.14.9.jar:/Users/jowelcastaneda/.m2/repository/com/squareup/okio/okio/1.17.2/okio-1.17.2.jar:/Users/jowelcastaneda/.m2/repository/com/fasterxml/jackson/dataformat/jackson-dataformat-xml/2.11.2/jackson-dataformat-xml-2.11.2.jar:/Users/jowelcastaneda/.m2/repository/com/fasterxml/jackson/module/jackson-module-jaxb-annotations/2.11.2/jackson-module-jaxb-annotations-2.11.2.jar:/Users/jowelcastaneda/.m2/repository/org/codehaus/woodstox/stax2-api/4.2.1/stax2-api-4.2.1.jar:/Users/jowelcastaneda/.m2/repository/com/fasterxml/woodstox/woodstox-core/6.2.1/woodstox-core-6.2.1.jar:/Users/jowelcastaneda/.m2/repository/org/zeroturnaround/zt-exec/1.10/zt-exec-1.10.jar:/Users/jowelcastaneda/.m2/repository/commons-io/commons-io/1.4/commons-io-1.4.jar:/Users/jowelcastaneda/.m2/repository/ch/qos/logback/logback-classic/1.2.3/logback-classic-1.2.3.jar:/Users/jowelcastaneda/.m2/repository/ch/qos/logback/logback-core/1.2.3/logback-core-1.2.3.jar:/Users/jowelcastaneda/.m2/repository/org/springframework/cloud/spring-cloud-starter-sleuth/2.2.4.RELEASE/spring-cloud-starter-sleuth-2.2.4.RELEASE.jar:/Users/jowelcastaneda/.m2/repository/org/springframework/cloud/spring-cloud-sleuth-core/2.2.4.RELEASE/spring-cloud-sleuth-core-2.2.4.RELEASE.jar:/Users/jowelcastaneda/.m2/repository/org/aspectj/aspectjrt/1.9.6/aspectjrt-1.9.6.jar:/Users/jowelcastaneda/.m2/repository/io/zipkin/brave/brave/5.12.3/brave-5.12.3.jar:/Users/jowelcastaneda/.m2/repository/io/zipkin/reporter2/zipkin-reporter-brave/2.15.0/zipkin-reporter-brave-2.15.0.jar:/Users/jowelcastaneda/.m2/repository/io/zipkin/brave/brave-context-slf4j/5.12.3/brave-context-slf4j-5.12.3.jar:/Users/jowelcastaneda/.m2/repository/io/zipkin/brave/brave-instrumentation-messaging/5.12.3/brave-instrumentation-messaging-5.12.3.jar:/Users/jowelcastaneda/.m2/repository/io/zipkin/brave/brave-instrumentation-rpc/5.12.3/brave-instrumentation-rpc-5.12.3.jar:/Users/jowelcastaneda/.m2/repository/io/zipkin/brave/brave-instrumentation-spring-web/5.12.3/brave-instrumentation-spring-web-5.12.3.jar:/Users/jowelcastaneda/.m2/repository/io/zipkin/brave/brave-instrumentation-http/5.12.3/brave-instrumentation-http-5.12.3.jar:/Users/jowelcastaneda/.m2/repository/io/zipkin/brave/brave-instrumentation-spring-rabbit/5.12.3/brave-instrumentation-spring-rabbit-5.12.3.jar:/Users/jowelcastaneda/.m2/repository/io/zipkin/brave/brave-instrumentation-kafka-clients/5.12.3/brave-instrumentation-kafka-clients-5.12.3.jar:/Users/jowelcastaneda/.m2/repository/io/zipkin/brave/brave-instrumentation-kafka-streams/5.12.3/brave-instrumentation-kafka-streams-5.12.3.jar:/Users/jowelcastaneda/.m2/repository/io/zipkin/brave/brave-instrumentation-httpclient/5.12.3/brave-instrumentation-httpclient-5.12.3.jar:/Users/jowelcastaneda/.m2/repository/io/zipkin/brave/brave-instrumentation-httpasyncclient/5.12.3/brave-instrumentation-httpasyncclient-5.12.3.jar:/Users/jowelcastaneda/.m2/repository/io/zipkin/brave/brave-instrumentation-spring-webmvc/5.12.3/brave-instrumentation-spring-webmvc-5.12.3.jar:/Users/jowelcastaneda/.m2/repository/io/zipkin/brave/brave-instrumentation-servlet/5.12.3/brave-instrumentation-servlet-5.12.3.jar:/Users/jowelcastaneda/.m2/repository/io/zipkin/brave/brave-instrumentation-jms/5.12.3/brave-instrumentation-jms-5.12.3.jar:/Users/jowelcastaneda/.m2/repository/io/zipkin/reporter2/zipkin-reporter-metrics-micrometer/2.15.0/zipkin-reporter-metrics-micrometer-2.15.0.jar:/Users/jowelcastaneda/.m2/repository/io/zipkin/reporter2/zipkin-reporter/2.15.0/zipkin-reporter-2.15.0.jar:/Users/jowelcastaneda/.m2/repository/io/zipkin/zipkin2/zipkin/2.21.1/zipkin-2.21.1.jar:/Users/jowelcastaneda/.m2/repository/asia/corelogic/application/application-status/0.0.6/application-status-0.0.6.jar:/Users/jowelcastaneda/.m2/repository/org/springframework/boot/spring-boot-starter-test/2.3.4.RELEASE/spring-boot-starter-test-2.3.4.RELEASE.jar:/Users/jowelcastaneda/.m2/repository/org/springframework/boot/spring-boot-test/2.3.4.RELEASE/spring-boot-test-2.3.4.RELEASE.jar:/Users/jowelcastaneda/.m2/repository/org/springframework/boot/spring-boot-test-autoconfigure/2.3.4.RELEASE/spring-boot-test-autoconfigure-2.3.4.RELEASE.jar:/Users/jowelcastaneda/.m2/repository/com/jayway/jsonpath/json-path/2.4.0/json-path-2.4.0.jar:/Users/jowelcastaneda/.m2/repository/net/minidev/json-smart/2.3/json-smart-2.3.jar:/Users/jowelcastaneda/.m2/repository/net/minidev/accessors-smart/1.2/accessors-smart-1.2.jar:/Users/jowelcastaneda/.m2/repository/org/ow2/asm/asm/5.0.4/asm-5.0.4.jar:/Users/jowelcastaneda/.m2/repository/jakarta/xml/bind/jakarta.xml.bind-api/2.3.3/jakarta.xml.bind-api-2.3.3.jar:/Users/jowelcastaneda/.m2/repository/jakarta/activation/jakarta.activation-api/1.2.2/jakarta.activation-api-1.2.2.jar:/Users/jowelcastaneda/.m2/repository/org/hamcrest/hamcrest/2.2/hamcrest-2.2.jar:/Users/jowelcastaneda/.m2/repository/org/junit/jupiter/junit-jupiter/5.6.2/junit-jupiter-5.6.2.jar:/Users/jowelcastaneda/.m2/repository/org/junit/jupiter/junit-jupiter-engine/5.6.2/junit-jupiter-engine-5.6.2.jar:/Users/jowelcastaneda/.m2/repository/org/junit/vintage/junit-vintage-engine/5.6.2/junit-vintage-engine-5.6.2.jar:/Users/jowelcastaneda/.m2/repository/org/junit/platform/junit-platform-engine/1.6.2/junit-platform-engine-1.6.2.jar:/Users/jowelcastaneda/.m2/repository/junit/junit/4.13/junit-4.13.jar:/Users/jowelcastaneda/.m2/repository/org/mockito/mockito-core/3.3.3/mockito-core-3.3.3.jar:/Users/jowelcastaneda/.m2/repository/net/bytebuddy/byte-buddy-agent/1.10.14/byte-buddy-agent-1.10.14.jar:/Users/jowelcastaneda/.m2/repository/org/objenesis/objenesis/2.6/objenesis-2.6.jar:/Users/jowelcastaneda/.m2/repository/org/mockito/mockito-junit-jupiter/3.3.3/mockito-junit-jupiter-3.3.3.jar:/Users/jowelcastaneda/.m2/repository/org/skyscreamer/jsonassert/1.5.0/jsonassert-1.5.0.jar:/Users/jowelcastaneda/.m2/repository/com/vaadin/external/google/android-json/0.0.20131108.vaadin1/android-json-0.0.20131108.vaadin1.jar:/Users/jowelcastaneda/.m2/repository/org/springframework/spring-test/5.2.9.RELEASE/spring-test-5.2.9.RELEASE.jar:/Users/jowelcastaneda/.m2/repository/org/xmlunit/xmlunit-core/2.7.0/xmlunit-core-2.7.0.jar:/Users/jowelcastaneda/.m2/repository/org/junit/jupiter/junit-jupiter-params/5.6.2/junit-jupiter-params-5.6.2.jar:/Users/jowelcastaneda/.m2/repository/org/apiguardian/apiguardian-api/1.1.0/apiguardian-api-1.1.0.jar:"/>
    <property name="java.vm.vendor" value="Oracle Corporation"/>
    <property name="sun.arch.data.model" value="64"/>
    <property name="java.vendor.url" value="https://openjdk.java.net/"/>
    <property name="user.timezone" value=""/>
    <property name="java.vm.specification.version" value="11"/>
    <property name="os.name" value="Mac OS X"/>
    <property name="sun.java.launcher" value="SUN_STANDARD"/>
    <property name="user.country" value="PH"/>
    <property name="sun.boot.library.path" value="/Users/jowelcastaneda/Downloads/jdk-11.0.8.jdk/Contents/Home/lib"/>
    <property name="sun.java.command" value="/Users/jowelcastaneda/Projects/DPPR/dppr-api/dppr-api/target/surefire/surefirebooter8294520949293368091.jar /Users/jowelcastaneda/Projects/DPPR/dppr-api/dppr-api/target/surefire 2020-11-27T10-33-24_156-jvmRun1 surefire16701257831194241479tmp surefire_06424107921018057057tmp"/>
    <property name="jdk.debug" value="release"/>
    <property name="surefire.test.class.path" value="/Users/jowelcastaneda/Projects/DPPR/dppr-api/dppr-api/target/test-classes:/Users/jowelcastaneda/Projects/DPPR/dppr-api/dppr-api/target/classes:/Users/jowelcastaneda/.m2/repository/org/springframework/boot/spring-boot-configuration-processor/2.3.4.RELEASE/spring-boot-configuration-processor-2.3.4.RELEASE.jar:/Users/jowelcastaneda/.m2/repository/org/springframework/boot/spring-boot-starter-web/2.3.4.RELEASE/spring-boot-starter-web-2.3.4.RELEASE.jar:/Users/jowelcastaneda/.m2/repository/org/springframework/boot/spring-boot-starter/2.3.4.RELEASE/spring-boot-starter-2.3.4.RELEASE.jar:/Users/jowelcastaneda/.m2/repository/org/springframework/boot/spring-boot/2.3.4.RELEASE/spring-boot-2.3.4.RELEASE.jar:/Users/jowelcastaneda/.m2/repository/org/springframework/boot/spring-boot-autoconfigure/2.3.4.RELEASE/spring-boot-autoconfigure-2.3.4.RELEASE.jar:/Users/jowelcastaneda/.m2/repository/org/springframework/boot/spring-boot-starter-logging/2.3.4.RELEASE/spring-boot-starter-logging-2.3.4.RELEASE.jar:/Users/jowelcastaneda/.m2/repository/org/apache/logging/log4j/log4j-to-slf4j/2.13.3/log4j-to-slf4j-2.13.3.jar:/Users/jowelcastaneda/.m2/repository/org/apache/logging/log4j/log4j-api/2.13.3/log4j-api-2.13.3.jar:/Users/jowelcastaneda/.m2/repository/org/slf4j/jul-to-slf4j/1.7.30/jul-to-slf4j-1.7.30.jar:/Users/jowelcastaneda/.m2/repository/org/yaml/snakeyaml/1.26/snakeyaml-1.26.jar:/Users/jowelcastaneda/.m2/repository/org/springframework/boot/spring-boot-starter-json/2.3.4.RELEASE/spring-boot-starter-json-2.3.4.RELEASE.jar:/Users/jowelcastaneda/.m2/repository/com/fasterxml/jackson/datatype/jackson-datatype-jdk8/2.11.2/jackson-datatype-jdk8-2.11.2.jar:/Users/jowelcastaneda/.m2/repository/com/fasterxml/jackson/datatype/jackson-datatype-jsr310/2.11.2/jackson-datatype-jsr310-2.11.2.jar:/Users/jowelcastaneda/.m2/repository/com/fasterxml/jackson/module/jackson-module-parameter-names/2.11.2/jackson-module-parameter-names-2.11.2.jar:/Users/jowelcastaneda/.m2/repository/org/springframework/spring-web/5.2.9.RELEASE/spring-web-5.2.9.RELEASE.jar:/Users/jowelcastaneda/.m2/repository/org/springframework/spring-webmvc/5.2.9.RELEASE/spring-webmvc-5.2.9.RELEASE.jar:/Users/jowelcastaneda/.m2/repository/org/springframework/spring-aop/5.2.9.RELEASE/spring-aop-5.2.9.RELEASE.jar:/Users/jowelcastaneda/.m2/repository/org/springframework/spring-expression/5.2.9.RELEASE/spring-expression-5.2.9.RELEASE.jar:/Users/jowelcastaneda/.m2/repository/org/springframework/boot/spring-boot-starter-tomcat/2.3.4.RELEASE/spring-boot-starter-tomcat-2.3.4.RELEASE.jar:/Users/jowelcastaneda/.m2/repository/jakarta/annotation/jakarta.annotation-api/1.3.5/jakarta.annotation-api-1.3.5.jar:/Users/jowelcastaneda/.m2/repository/org/apache/tomcat/embed/tomcat-embed-core/9.0.38/tomcat-embed-core-9.0.38.jar:/Users/jowelcastaneda/.m2/repository/org/glassfish/jakarta.el/3.0.3/jakarta.el-3.0.3.jar:/Users/jowelcastaneda/.m2/repository/org/apache/tomcat/embed/tomcat-embed-websocket/9.0.38/tomcat-embed-websocket-9.0.38.jar:/Users/jowelcastaneda/.m2/repository/org/springframework/boot/spring-boot-starter-data-jpa/2.3.4.RELEASE/spring-boot-starter-data-jpa-2.3.4.RELEASE.jar:/Users/jowelcastaneda/.m2/repository/org/springframework/boot/spring-boot-starter-aop/2.3.4.RELEASE/spring-boot-starter-aop-2.3.4.RELEASE.jar:/Users/jowelcastaneda/.m2/repository/org/aspectj/aspectjweaver/1.9.6/aspectjweaver-1.9.6.jar:/Users/jowelcastaneda/.m2/repository/org/springframework/boot/spring-boot-starter-jdbc/2.3.4.RELEASE/spring-boot-starter-jdbc-2.3.4.RELEASE.jar:/Users/jowelcastaneda/.m2/repository/com/zaxxer/HikariCP/3.4.5/HikariCP-3.4.5.jar:/Users/jowelcastaneda/.m2/repository/org/springframework/spring-jdbc/5.2.9.RELEASE/spring-jdbc-5.2.9.RELEASE.jar:/Users/jowelcastaneda/.m2/repository/jakarta/transaction/jakarta.transaction-api/1.3.3/jakarta.transaction-api-1.3.3.jar:/Users/jowelcastaneda/.m2/repository/jakarta/persistence/jakarta.persistence-api/2.2.3/jakarta.persistence-api-2.2.3.jar:/Users/jowelcastaneda/.m2/repository/org/hibernate/hibernate-core/5.4.21.Final/hibernate-core-5.4.21.Final.jar:/Users/jowelcastaneda/.m2/repository/org/jboss/logging/jboss-logging/3.4.1.Final/jboss-logging-3.4.1.Final.jar:/Users/jowelcastaneda/.m2/repository/org/javassist/javassist/3.24.0-GA/javassist-3.24.0-GA.jar:/Users/jowelcastaneda/.m2/repository/net/bytebuddy/byte-buddy/1.10.14/byte-buddy-1.10.14.jar:/Users/jowelcastaneda/.m2/repository/antlr/antlr/2.7.7/antlr-2.7.7.jar:/Users/jowelcastaneda/.m2/repository/org/jboss/jandex/2.1.3.Final/jandex-2.1.3.Final.jar:/Users/jowelcastaneda/.m2/repository/org/dom4j/dom4j/2.1.3/dom4j-2.1.3.jar:/Users/jowelcastaneda/.m2/repository/org/hibernate/common/hibernate-commons-annotations/5.1.0.Final/hibernate-commons-annotations-5.1.0.Final.jar:/Users/jowelcastaneda/.m2/repository/org/glassfish/jaxb/jaxb-runtime/2.3.3/jaxb-runtime-2.3.3.jar:/Users/jowelcastaneda/.m2/repository/org/glassfish/jaxb/txw2/2.3.3/txw2-2.3.3.jar:/Users/jowelcastaneda/.m2/repository/com/sun/istack/istack-commons-runtime/3.0.11/istack-commons-runtime-3.0.11.jar:/Users/jowelcastaneda/.m2/repository/com/sun/activation/jakarta.activation/1.2.2/jakarta.activation-1.2.2.jar:/Users/jowelcastaneda/.m2/repository/org/springframework/data/spring-data-jpa/2.3.4.RELEASE/spring-data-jpa-2.3.4.RELEASE.jar:/Users/jowelcastaneda/.m2/repository/org/springframework/data/spring-data-commons/2.3.4.RELEASE/spring-data-commons-2.3.4.RELEASE.jar:/Users/jowelcastaneda/.m2/repository/org/springframework/spring-orm/5.2.9.RELEASE/spring-orm-5.2.9.RELEASE.jar:/Users/jowelcastaneda/.m2/repository/org/springframework/spring-tx/5.2.9.RELEASE/spring-tx-5.2.9.RELEASE.jar:/Users/jowelcastaneda/.m2/repository/org/springframework/spring-aspects/5.2.9.RELEASE/spring-aspects-5.2.9.RELEASE.jar:/Users/jowelcastaneda/.m2/repository/org/springframework/cloud/spring-cloud-starter-config/2.2.4.RELEASE/spring-cloud-starter-config-2.2.4.RELEASE.jar:/Users/jowelcastaneda/.m2/repository/org/springframework/cloud/spring-cloud-starter/2.2.4.RELEASE/spring-cloud-starter-2.2.4.RELEASE.jar:/Users/jowelcastaneda/.m2/repository/org/springframework/cloud/spring-cloud-context/2.2.4.RELEASE/spring-cloud-context-2.2.4.RELEASE.jar:/Users/jowelcastaneda/.m2/repository/org/springframework/security/spring-security-crypto/5.3.4.RELEASE/spring-security-crypto-5.3.4.RELEASE.jar:/Users/jowelcastaneda/.m2/repository/org/springframework/cloud/spring-cloud-commons/2.2.4.RELEASE/spring-cloud-commons-2.2.4.RELEASE.jar:/Users/jowelcastaneda/.m2/repository/org/springframework/security/spring-security-rsa/1.0.9.RELEASE/spring-security-rsa-1.0.9.RELEASE.jar:/Users/jowelcastaneda/.m2/repository/org/springframework/cloud/spring-cloud-config-client/2.2.4.RELEASE/spring-cloud-config-client-2.2.4.RELEASE.jar:/Users/jowelcastaneda/.m2/repository/com/fasterxml/jackson/core/jackson-annotations/2.11.2/jackson-annotations-2.11.2.jar:/Users/jowelcastaneda/.m2/repository/com/fasterxml/jackson/core/jackson-databind/2.11.2/jackson-databind-2.11.2.jar:/Users/jowelcastaneda/.m2/repository/com/fasterxml/jackson/core/jackson-core/2.11.2/jackson-core-2.11.2.jar:/Users/jowelcastaneda/.m2/repository/org/springframework/boot/spring-boot-starter-actuator/2.3.4.RELEASE/spring-boot-starter-actuator-2.3.4.RELEASE.jar:/Users/jowelcastaneda/.m2/repository/org/springframework/boot/spring-boot-actuator-autoconfigure/2.3.4.RELEASE/spring-boot-actuator-autoconfigure-2.3.4.RELEASE.jar:/Users/jowelcastaneda/.m2/repository/org/springframework/boot/spring-boot-actuator/2.3.4.RELEASE/spring-boot-actuator-2.3.4.RELEASE.jar:/Users/jowelcastaneda/.m2/repository/io/micrometer/micrometer-core/1.5.5/micrometer-core-1.5.5.jar:/Users/jowelcastaneda/.m2/repository/org/hdrhistogram/HdrHistogram/2.1.12/HdrHistogram-2.1.12.jar:/Users/jowelcastaneda/.m2/repository/org/latencyutils/LatencyUtils/2.0.3/LatencyUtils-2.0.3.jar:/Users/jowelcastaneda/.m2/repository/org/springframework/spring-context-support/5.2.9.RELEASE/spring-context-support-5.2.9.RELEASE.jar:/Users/jowelcastaneda/.m2/repository/org/springframework/spring-beans/5.2.9.RELEASE/spring-beans-5.2.9.RELEASE.jar:/Users/jowelcastaneda/.m2/repository/org/springframework/spring-context/5.2.9.RELEASE/spring-context-5.2.9.RELEASE.jar:/Users/jowelcastaneda/.m2/repository/org/springframework/spring-core/5.2.9.RELEASE/spring-core-5.2.9.RELEASE.jar:/Users/jowelcastaneda/.m2/repository/org/springframework/spring-jcl/5.2.9.RELEASE/spring-jcl-5.2.9.RELEASE.jar:/Users/jowelcastaneda/.m2/repository/com/google/guava/guava/29.0-jre/guava-29.0-jre.jar:/Users/jowelcastaneda/.m2/repository/com/google/guava/failureaccess/1.0.1/failureaccess-1.0.1.jar:/Users/jowelcastaneda/.m2/repository/com/google/guava/listenablefuture/9999.0-empty-to-avoid-conflict-with-guava/listenablefuture-9999.0-empty-to-avoid-conflict-with-guava.jar:/Users/jowelcastaneda/.m2/repository/com/google/code/findbugs/jsr305/3.0.2/jsr305-3.0.2.jar:/Users/jowelcastaneda/.m2/repository/org/checkerframework/checker-qual/2.11.1/checker-qual-2.11.1.jar:/Users/jowelcastaneda/.m2/repository/com/google/errorprone/error_prone_annotations/2.3.4/error_prone_annotations-2.3.4.jar:/Users/jowelcastaneda/.m2/repository/com/google/j2objc/j2objc-annotations/1.3/j2objc-annotations-1.3.jar:/Users/jowelcastaneda/.m2/repository/org/assertj/assertj-core/3.16.1/assertj-core-3.16.1.jar:/Users/jowelcastaneda/.m2/repository/org/projectlombok/lombok/1.18.12/lombok-1.18.12.jar:/Users/jowelcastaneda/.m2/repository/org/springframework/boot/spring-boot-starter-reactor-netty/2.3.4.RELEASE/spring-boot-starter-reactor-netty-2.3.4.RELEASE.jar:/Users/jowelcastaneda/.m2/repository/io/projectreactor/netty/reactor-netty/0.9.12.RELEASE/reactor-netty-0.9.12.RELEASE.jar:/Users/jowelcastaneda/.m2/repository/io/netty/netty-codec-http/4.1.52.Final/netty-codec-http-4.1.52.Final.jar:/Users/jowelcastaneda/.m2/repository/io/netty/netty-common/4.1.52.Final/netty-common-4.1.52.Final.jar:/Users/jowelcastaneda/.m2/repository/io/netty/netty-buffer/4.1.52.Final/netty-buffer-4.1.52.Final.jar:/Users/jowelcastaneda/.m2/repository/io/netty/netty-transport/4.1.52.Final/netty-transport-4.1.52.Final.jar:/Users/jowelcastaneda/.m2/repository/io/netty/netty-codec/4.1.52.Final/netty-codec-4.1.52.Final.jar:/Users/jowelcastaneda/.m2/repository/io/netty/netty-codec-http2/4.1.52.Final/netty-codec-http2-4.1.52.Final.jar:/Users/jowelcastaneda/.m2/repository/io/netty/netty-handler/4.1.52.Final/netty-handler-4.1.52.Final.jar:/Users/jowelcastaneda/.m2/repository/io/netty/netty-resolver/4.1.52.Final/netty-resolver-4.1.52.Final.jar:/Users/jowelcastaneda/.m2/repository/io/netty/netty-handler-proxy/4.1.52.Final/netty-handler-proxy-4.1.52.Final.jar:/Users/jowelcastaneda/.m2/repository/io/netty/netty-codec-socks/4.1.52.Final/netty-codec-socks-4.1.52.Final.jar:/Users/jowelcastaneda/.m2/repository/io/netty/netty-transport-native-epoll/4.1.52.Final/netty-transport-native-epoll-4.1.52.Final-linux-x86_64.jar:/Users/jowelcastaneda/.m2/repository/io/netty/netty-transport-native-unix-common/4.1.52.Final/netty-transport-native-unix-common-4.1.52.Final.jar:/Users/jowelcastaneda/.m2/repository/org/springframework/spring-webflux/5.2.9.RELEASE/spring-webflux-5.2.9.RELEASE.jar:/Users/jowelcastaneda/.m2/repository/io/projectreactor/reactor-core/3.3.10.RELEASE/reactor-core-3.3.10.RELEASE.jar:/Users/jowelcastaneda/.m2/repository/org/reactivestreams/reactive-streams/1.0.3/reactive-streams-1.0.3.jar:/Users/jowelcastaneda/.m2/repository/net/logstash/logback/logstash-logback-encoder/6.3/logstash-logback-encoder-6.3.jar:/Users/jowelcastaneda/.m2/repository/io/springfox/springfox-swagger2/2.9.2/springfox-swagger2-2.9.2.jar:/Users/jowelcastaneda/.m2/repository/io/swagger/swagger-annotations/1.5.20/swagger-annotations-1.5.20.jar:/Users/jowelcastaneda/.m2/repository/io/swagger/swagger-models/1.5.20/swagger-models-1.5.20.jar:/Users/jowelcastaneda/.m2/repository/io/springfox/springfox-spi/2.9.2/springfox-spi-2.9.2.jar:/Users/jowelcastaneda/.m2/repository/io/springfox/springfox-core/2.9.2/springfox-core-2.9.2.jar:/Users/jowelcastaneda/.m2/repository/io/springfox/springfox-schema/2.9.2/springfox-schema-2.9.2.jar:/Users/jowelcastaneda/.m2/repository/io/springfox/springfox-swagger-common/2.9.2/springfox-swagger-common-2.9.2.jar:/Users/jowelcastaneda/.m2/repository/io/springfox/springfox-spring-web/2.9.2/springfox-spring-web-2.9.2.jar:/Users/jowelcastaneda/.m2/repository/com/fasterxml/classmate/1.5.1/classmate-1.5.1.jar:/Users/jowelcastaneda/.m2/repository/org/slf4j/slf4j-api/1.7.30/slf4j-api-1.7.30.jar:/Users/jowelcastaneda/.m2/repository/org/springframework/plugin/spring-plugin-core/1.2.0.RELEASE/spring-plugin-core-1.2.0.RELEASE.jar:/Users/jowelcastaneda/.m2/repository/org/springframework/plugin/spring-plugin-metadata/1.2.0.RELEASE/spring-plugin-metadata-1.2.0.RELEASE.jar:/Users/jowelcastaneda/.m2/repository/org/mapstruct/mapstruct/1.2.0.Final/mapstruct-1.2.0.Final.jar:/Users/jowelcastaneda/.m2/repository/io/springfox/springfox-swagger-ui/2.9.2/springfox-swagger-ui-2.9.2.jar:/Users/jowelcastaneda/.m2/repository/org/postgresql/postgresql/42.2.16/postgresql-42.2.16.jar:/Users/jowelcastaneda/.m2/repository/org/flywaydb/flyway-core/6.4.4/flyway-core-6.4.4.jar:/Users/jowelcastaneda/.m2/repository/jakarta/validation/jakarta.validation-api/2.0.2/jakarta.validation-api-2.0.2.jar:/Users/jowelcastaneda/.m2/repository/org/springframework/boot/spring-boot-starter-validation/2.3.4.RELEASE/spring-boot-starter-validation-2.3.4.RELEASE.jar:/Users/jowelcastaneda/.m2/repository/org/hibernate/validator/hibernate-validator/6.1.5.Final/hibernate-validator-6.1.5.Final.jar:/Users/jowelcastaneda/.m2/repository/org/apache/commons/commons-csv/1.7/commons-csv-1.7.jar:/Users/jowelcastaneda/.m2/repository/com/rpdata/access/client/acm-spring-boot-starter/5.0.3/acm-spring-boot-starter-5.0.3.jar:/Users/jowelcastaneda/.m2/repository/com/rpdata/access/client/access-client-configuration/5.0.3/access-client-configuration-5.0.3.jar:/Users/jowelcastaneda/.m2/repository/com/rpdata/access/client/access-client-api/5.0.3/access-client-api-5.0.3.jar:/Users/jowelcastaneda/.m2/repository/com/rpdata/access/client/access-client-impl/5.0.3/access-client-impl-5.0.3.jar:/Users/jowelcastaneda/.m2/repository/org/apache/httpcomponents/httpasyncclient/4.1.4/httpasyncclient-4.1.4.jar:/Users/jowelcastaneda/.m2/repository/org/apache/httpcomponents/httpcore/4.4.13/httpcore-4.4.13.jar:/Users/jowelcastaneda/.m2/repository/org/apache/httpcomponents/httpcore-nio/4.4.13/httpcore-nio-4.4.13.jar:/Users/jowelcastaneda/.m2/repository/org/apache/httpcomponents/httpclient/4.5.12/httpclient-4.5.12.jar:/Users/jowelcastaneda/.m2/repository/org/springframework/security/spring-security-core/5.3.4.RELEASE/spring-security-core-5.3.4.RELEASE.jar:/Users/jowelcastaneda/.m2/repository/org/springframework/security/spring-security-config/5.3.4.RELEASE/spring-security-config-5.3.4.RELEASE.jar:/Users/jowelcastaneda/.m2/repository/org/springframework/security/spring-security-web/5.3.4.RELEASE/spring-security-web-5.3.4.RELEASE.jar:/Users/jowelcastaneda/.m2/repository/org/springframework/security/oauth/spring-security-oauth2/2.1.1.RELEASE/spring-security-oauth2-2.1.1.RELEASE.jar:/Users/jowelcastaneda/.m2/repository/commons-codec/commons-codec/1.14/commons-codec-1.14.jar:/Users/jowelcastaneda/.m2/repository/org/codehaus/jackson/jackson-mapper-asl/1.9.13/jackson-mapper-asl-1.9.13.jar:/Users/jowelcastaneda/.m2/repository/org/codehaus/jackson/jackson-core-asl/1.9.13/jackson-core-asl-1.9.13.jar:/Users/jowelcastaneda/.m2/repository/org/springframework/security/spring-security-jwt/1.0.8.RELEASE/spring-security-jwt-1.0.8.RELEASE.jar:/Users/jowelcastaneda/.m2/repository/org/bouncycastle/bcpkix-jdk15on/1.56/bcpkix-jdk15on-1.56.jar:/Users/jowelcastaneda/.m2/repository/org/bouncycastle/bcprov-jdk15on/1.56/bcprov-jdk15on-1.56.jar:/Users/jowelcastaneda/.m2/repository/joda-time/joda-time/2.9.9/joda-time-2.9.9.jar:/Users/jowelcastaneda/.m2/repository/org/slf4j/jcl-over-slf4j/1.7.30/jcl-over-slf4j-1.7.30.jar:/Users/jowelcastaneda/.m2/repository/org/apache/commons/commons-lang3/3.9/commons-lang3-3.9.jar:/Users/jowelcastaneda/.m2/repository/asia/corelogic/api/oauth/clapi-oauth-boot-starter/1.1.1/clapi-oauth-boot-starter-1.1.1.jar:/Users/jowelcastaneda/.m2/repository/io/specto/hoverfly-java-junit5/0.11.0/hoverfly-java-junit5-0.11.0.jar:/Users/jowelcastaneda/.m2/repository/org/junit/jupiter/junit-jupiter-api/5.6.2/junit-jupiter-api-5.6.2.jar:/Users/jowelcastaneda/.m2/repository/org/opentest4j/opentest4j/1.2.0/opentest4j-1.2.0.jar:/Users/jowelcastaneda/.m2/repository/org/junit/platform/junit-platform-commons/1.6.2/junit-platform-commons-1.6.2.jar:/Users/jowelcastaneda/.m2/repository/io/specto/hoverfly-java/0.11.0/hoverfly-java-0.11.0.jar:/Users/jowelcastaneda/.m2/repository/com/squareup/okhttp3/okhttp/3.14.9/okhttp-3.14.9.jar:/Users/jowelcastaneda/.m2/repository/com/squareup/okio/okio/1.17.2/okio-1.17.2.jar:/Users/jowelcastaneda/.m2/repository/com/fasterxml/jackson/dataformat/jackson-dataformat-xml/2.11.2/jackson-dataformat-xml-2.11.2.jar:/Users/jowelcastaneda/.m2/repository/com/fasterxml/jackson/module/jackson-module-jaxb-annotations/2.11.2/jackson-module-jaxb-annotations-2.11.2.jar:/Users/jowelcastaneda/.m2/repository/org/codehaus/woodstox/stax2-api/4.2.1/stax2-api-4.2.1.jar:/Users/jowelcastaneda/.m2/repository/com/fasterxml/woodstox/woodstox-core/6.2.1/woodstox-core-6.2.1.jar:/Users/jowelcastaneda/.m2/repository/org/zeroturnaround/zt-exec/1.10/zt-exec-1.10.jar:/Users/jowelcastaneda/.m2/repository/commons-io/commons-io/1.4/commons-io-1.4.jar:/Users/jowelcastaneda/.m2/repository/ch/qos/logback/logback-classic/1.2.3/logback-classic-1.2.3.jar:/Users/jowelcastaneda/.m2/repository/ch/qos/logback/logback-core/1.2.3/logback-core-1.2.3.jar:/Users/jowelcastaneda/.m2/repository/org/springframework/cloud/spring-cloud-starter-sleuth/2.2.4.RELEASE/spring-cloud-starter-sleuth-2.2.4.RELEASE.jar:/Users/jowelcastaneda/.m2/repository/org/springframework/cloud/spring-cloud-sleuth-core/2.2.4.RELEASE/spring-cloud-sleuth-core-2.2.4.RELEASE.jar:/Users/jowelcastaneda/.m2/repository/org/aspectj/aspectjrt/1.9.6/aspectjrt-1.9.6.jar:/Users/jowelcastaneda/.m2/repository/io/zipkin/brave/brave/5.12.3/brave-5.12.3.jar:/Users/jowelcastaneda/.m2/repository/io/zipkin/reporter2/zipkin-reporter-brave/2.15.0/zipkin-reporter-brave-2.15.0.jar:/Users/jowelcastaneda/.m2/repository/io/zipkin/brave/brave-context-slf4j/5.12.3/brave-context-slf4j-5.12.3.jar:/Users/jowelcastaneda/.m2/repository/io/zipkin/brave/brave-instrumentation-messaging/5.12.3/brave-instrumentation-messaging-5.12.3.jar:/Users/jowelcastaneda/.m2/repository/io/zipkin/brave/brave-instrumentation-rpc/5.12.3/brave-instrumentation-rpc-5.12.3.jar:/Users/jowelcastaneda/.m2/repository/io/zipkin/brave/brave-instrumentation-spring-web/5.12.3/brave-instrumentation-spring-web-5.12.3.jar:/Users/jowelcastaneda/.m2/repository/io/zipkin/brave/brave-instrumentation-http/5.12.3/brave-instrumentation-http-5.12.3.jar:/Users/jowelcastaneda/.m2/repository/io/zipkin/brave/brave-instrumentation-spring-rabbit/5.12.3/brave-instrumentation-spring-rabbit-5.12.3.jar:/Users/jowelcastaneda/.m2/repository/io/zipkin/brave/brave-instrumentation-kafka-clients/5.12.3/brave-instrumentation-kafka-clients-5.12.3.jar:/Users/jowelcastaneda/.m2/repository/io/zipkin/brave/brave-instrumentation-kafka-streams/5.12.3/brave-instrumentation-kafka-streams-5.12.3.jar:/Users/jowelcastaneda/.m2/repository/io/zipkin/brave/brave-instrumentation-httpclient/5.12.3/brave-instrumentation-httpclient-5.12.3.jar:/Users/jowelcastaneda/.m2/repository/io/zipkin/brave/brave-instrumentation-httpasyncclient/5.12.3/brave-instrumentation-httpasyncclient-5.12.3.jar:/Users/jowelcastaneda/.m2/repository/io/zipkin/brave/brave-instrumentation-spring-webmvc/5.12.3/brave-instrumentation-spring-webmvc-5.12.3.jar:/Users/jowelcastaneda/.m2/repository/io/zipkin/brave/brave-instrumentation-servlet/5.12.3/brave-instrumentation-servlet-5.12.3.jar:/Users/jowelcastaneda/.m2/repository/io/zipkin/brave/brave-instrumentation-jms/5.12.3/brave-instrumentation-jms-5.12.3.jar:/Users/jowelcastaneda/.m2/repository/io/zipkin/reporter2/zipkin-reporter-metrics-micrometer/2.15.0/zipkin-reporter-metrics-micrometer-2.15.0.jar:/Users/jowelcastaneda/.m2/repository/io/zipkin/reporter2/zipkin-reporter/2.15.0/zipkin-reporter-2.15.0.jar:/Users/jowelcastaneda/.m2/repository/io/zipkin/zipkin2/zipkin/2.21.1/zipkin-2.21.1.jar:/Users/jowelcastaneda/.m2/repository/asia/corelogic/application/application-status/0.0.6/application-status-0.0.6.jar:/Users/jowelcastaneda/.m2/repository/org/springframework/boot/spring-boot-starter-test/2.3.4.RELEASE/spring-boot-starter-test-2.3.4.RELEASE.jar:/Users/jowelcastaneda/.m2/repository/org/springframework/boot/spring-boot-test/2.3.4.RELEASE/spring-boot-test-2.3.4.RELEASE.jar:/Users/jowelcastaneda/.m2/repository/org/springframework/boot/spring-boot-test-autoconfigure/2.3.4.RELEASE/spring-boot-test-autoconfigure-2.3.4.RELEASE.jar:/Users/jowelcastaneda/.m2/repository/com/jayway/jsonpath/json-path/2.4.0/json-path-2.4.0.jar:/Users/jowelcastaneda/.m2/repository/net/minidev/json-smart/2.3/json-smart-2.3.jar:/Users/jowelcastaneda/.m2/repository/net/minidev/accessors-smart/1.2/accessors-smart-1.2.jar:/Users/jowelcastaneda/.m2/repository/org/ow2/asm/asm/5.0.4/asm-5.0.4.jar:/Users/jowelcastaneda/.m2/repository/jakarta/xml/bind/jakarta.xml.bind-api/2.3.3/jakarta.xml.bind-api-2.3.3.jar:/Users/jowelcastaneda/.m2/repository/jakarta/activation/jakarta.activation-api/1.2.2/jakarta.activation-api-1.2.2.jar:/Users/jowelcastaneda/.m2/repository/org/hamcrest/hamcrest/2.2/hamcrest-2.2.jar:/Users/jowelcastaneda/.m2/repository/org/junit/jupiter/junit-jupiter/5.6.2/junit-jupiter-5.6.2.jar:/Users/jowelcastaneda/.m2/repository/org/junit/jupiter/junit-jupiter-engine/5.6.2/junit-jupiter-engine-5.6.2.jar:/Users/jowelcastaneda/.m2/repository/org/junit/vintage/junit-vintage-engine/5.6.2/junit-vintage-engine-5.6.2.jar:/Users/jowelcastaneda/.m2/repository/org/junit/platform/junit-platform-engine/1.6.2/junit-platform-engine-1.6.2.jar:/Users/jowelcastaneda/.m2/repository/junit/junit/4.13/junit-4.13.jar:/Users/jowelcastaneda/.m2/repository/org/mockito/mockito-core/3.3.3/mockito-core-3.3.3.jar:/Users/jowelcastaneda/.m2/repository/net/bytebuddy/byte-buddy-agent/1.10.14/byte-buddy-agent-1.10.14.jar:/Users/jowelcastaneda/.m2/repository/org/objenesis/objenesis/2.6/objenesis-2.6.jar:/Users/jowelcastaneda/.m2/repository/org/mockito/mockito-junit-jupiter/3.3.3/mockito-junit-jupiter-3.3.3.jar:/Users/jowelcastaneda/.m2/repository/org/skyscreamer/jsonassert/1.5.0/jsonassert-1.5.0.jar:/Users/jowelcastaneda/.m2/repository/com/vaadin/external/google/android-json/0.0.20131108.vaadin1/android-json-0.0.20131108.vaadin1.jar:/Users/jowelcastaneda/.m2/repository/org/springframework/spring-test/5.2.9.RELEASE/spring-test-5.2.9.RELEASE.jar:/Users/jowelcastaneda/.m2/repository/org/xmlunit/xmlunit-core/2.7.0/xmlunit-core-2.7.0.jar:/Users/jowelcastaneda/.m2/repository/org/junit/jupiter/junit-jupiter-params/5.6.2/junit-jupiter-params-5.6.2.jar:/Users/jowelcastaneda/.m2/repository/org/apiguardian/apiguardian-api/1.1.0/apiguardian-api-1.1.0.jar:"/>
    <property name="sun.cpu.endian" value="little"/>
    <property name="user.home" value="/Users/jowelcastaneda"/>
    <property name="user.language" value="en"/>
    <property name="java.specification.vendor" value="Oracle Corporation"/>
    <property name="java.version.date" value="2020-07-14"/>
    <property name="java.home" value="/Users/jowelcastaneda/Downloads/jdk-11.0.8.jdk/Contents/Home"/>
    <property name="file.separator" value="/"/>
    <property name="basedir" value="/Users/jowelcastaneda/Projects/DPPR/dppr-api/dppr-api"/>
    <property name="java.vm.compressedOopsMode" value="Zero based"/>
    <property name="line.separator" value="&#10;"/>
    <property name="java.specification.name" value="Java Platform API Specification"/>
    <property name="java.vm.specification.vendor" value="Oracle Corporation"/>
    <property name="java.awt.graphicsenv" value="sun.awt.CGraphicsEnvironment"/>
    <property name="surefire.real.class.path" value="/Users/jowelcastaneda/Projects/DPPR/dppr-api/dppr-api/target/surefire/surefirebooter8294520949293368091.jar"/>
    <property name="sun.management.compiler" value="HotSpot 64-Bit Tiered Compilers"/>
    <property name="java.runtime.version" value="11.0.8+10-LTS"/>
    <property name="user.name" value="jowelcastaneda"/>
    <property name="path.separator" value=":"/>
    <property name="os.version" value="10.14.5"/>
    <property name="java.runtime.name" value="Java(TM) SE Runtime Environment"/>
    <property name="file.encoding" value="UTF-8"/>
    <property name="java.vm.name" value="Java HotSpot(TM) 64-Bit Server VM"/>
    <property name="java.vendor.version" value="18.9"/>
    <property name="localRepository" value="/Users/jowelcastaneda/.m2/repository"/>
    <property name="java.vendor.url.bug" value="https://bugreport.java.com/bugreport/"/>
    <property name="java.io.tmpdir" value="/var/folders/qd/f36wm_j97zg0hd0wrhbtgn440000gp/T/"/>
    <property name="idea.version" value="2020.2.3"/>
    <property name="java.version" value="11.0.8"/>
    <property name="user.dir" value="/Users/jowelcastaneda/Projects/DPPR/dppr-api/dppr-api"/>
    <property name="os.arch" value="x86_64"/>
    <property name="java.vm.specification.name" value="Java Virtual Machine Specification"/>
    <property name="java.awt.printerjob" value="sun.lwawt.macosx.CPrinterJob"/>
    <property name="sun.os.patch.level" value="unknown"/>
    <property name="java.library.path" value="/Users/jowelcastaneda/Library/Java/Extensions:/Library/Java/Extensions:/Network/Library/Java/Extensions:/System/Library/Java/Extensions:/usr/lib/java:."/>
    <property name="java.vendor" value="Oracle Corporation"/>
    <property name="java.vm.info" value="mixed mode"/>
    <property name="java.vm.version" value="11.0.8+10-LTS"/>
    <property name="sun.io.unicode.encoding" value="UnicodeBig"/>
    <property name="java.class.version" value="55.0"/>
  </properties>
  <testcase name="isValid_returnsFalse" classname="asia.corelogic.dppr.annotation.validations.PageableValidatorTest" time="0.041"/>
  <testcase name="isValid_returnsTrue" classname="asia.corelogic.dppr.annotation.validations.PageableValidatorTest" time="0.001"/>
</testsuite>